{
"/Users/yhtut/Js/workshop/src/event-manager-component.js":{"path":"/Users/yhtut/Js/workshop/src/event-manager-component.js","s":{"1":1,"2":1,"3":0,"4":0,"5":0,"6":0,"7":0,"8":0,"9":1,"10":1,"11":1,"12":3,"13":3,"14":3,"15":3,"16":3,"17":3,"18":1,"19":1,"20":1,"21":1,"22":0,"23":1,"24":1,"25":3,"26":3,"27":3,"28":3,"29":3,"30":3,"31":0,"32":3,"33":3,"34":0,"35":0,"36":0,"37":0,"38":0,"39":0,"40":0,"41":0,"42":0,"43":3,"44":3,"45":0,"46":0,"47":0,"48":0,"49":1,"50":3,"51":1,"52":3,"53":0,"54":1,"55":1,"56":0,"57":1,"58":1,"59":1,"60":1,"61":1,"62":1,"63":1,"64":1,"65":1,"66":1,"67":1,"68":1,"69":3,"70":3,"71":3,"72":1,"73":3,"74":4,"75":3,"76":3,"77":4,"78":1,"79":1,"80":1,"81":1,"82":1},"b":{"1":[1,0],"2":[0,0],"3":[3,3],"4":[3,0],"5":[1,0],"6":[0,1],"7":[0,3],"8":[0,3],"9":[0,0],"10":[3,0],"11":[0,0],"12":[0,3],"13":[3,3],"14":[0,3],"15":[0,1],"16":[1,0],"17":[1,1],"18":[1,0],"19":[1,0]},"f":{"1":0,"2":1,"3":1,"4":1,"5":3,"6":3,"7":3,"8":1,"9":1,"10":3,"11":3,"12":4,"13":3,"14":1},"fnMap":{"1":{"name":"(anonymous_1)","line":4,"loc":{"start":{"line":4,"column":32},"end":{"line":4,"column":50}},"skip":true},"2":{"name":"(anonymous_2)","line":5,"loc":{"start":{"line":5,"column":20},"end":{"line":5,"column":32}},"skip":true},"3":{"name":"defineProperties","line":5,"loc":{"start":{"line":5,"column":33},"end":{"line":5,"column":74}},"skip":true},"4":{"name":"(anonymous_4)","line":5,"loc":{"start":{"line":5,"column":348},"end":{"line":5,"column":396}},"skip":true},"5":{"name":"get","line":6,"loc":{"start":{"line":6,"column":11},"end":{"line":6,"column":38}},"skip":true},"6":{"name":"_interopRequireDefault","line":7,"loc":{"start":{"line":7,"column":0},"end":{"line":7,"column":37}},"skip":true},"7":{"name":"_classCallCheck","line":8,"loc":{"start":{"line":8,"column":0},"end":{"line":8,"column":48}},"skip":true},"8":{"name":"_inherits","line":9,"loc":{"start":{"line":9,"column":0},"end":{"line":9,"column":41}},"skip":true},"9":{"name":"(anonymous_9)","line":9,"loc":{"start":{"line":9,"column":785},"end":{"line":9,"column":813}}},"10":{"name":"EventManagerComponent","line":11,"loc":{"start":{"line":11,"column":4},"end":{"line":11,"column":42}}},"11":{"name":"componentDidMount","line":22,"loc":{"start":{"line":22,"column":8},"end":{"line":22,"column":37}}},"12":{"name":"render","line":27,"loc":{"start":{"line":27,"column":31},"end":{"line":27,"column":49}}},"13":{"name":"(anonymous_13)","line":28,"loc":{"start":{"line":28,"column":47},"end":{"line":28,"column":67}}},"14":{"name":"handleNewEventData","line":46,"loc":{"start":{"line":46,"column":43},"end":{"line":46,"column":77}}}},"statementMap":{"1":{"start":{"line":3,"column":16},"end":{"line":3,"column":78}},"2":{"start":{"line":4,"column":0},"end":{"line":4,"column":247},"skip":true},"3":{"start":{"line":4,"column":51},"end":{"line":4,"column":231},"skip":true},"4":{"start":{"line":4,"column":95},"end":{"line":4,"column":121},"skip":true},"5":{"start":{"line":4,"column":121},"end":{"line":4,"column":230},"skip":true},"6":{"start":{"line":4,"column":146},"end":{"line":4,"column":229},"skip":true},"7":{"start":{"line":4,"column":202},"end":{"line":4,"column":228},"skip":true},"8":{"start":{"line":4,"column":231},"end":{"line":4,"column":245},"skip":true},"9":{"start":{"line":5,"column":0},"end":{"line":5,"column":551},"skip":true},"10":{"start":{"line":5,"column":33},"end":{"line":5,"column":341},"skip":true},"11":{"start":{"line":5,"column":75},"end":{"line":5,"column":340},"skip":true},"12":{"start":{"line":5,"column":115},"end":{"line":5,"column":141},"skip":true},"13":{"start":{"line":5,"column":141},"end":{"line":5,"column":196},"skip":true},"14":{"start":{"line":5,"column":196},"end":{"line":5,"column":227},"skip":true},"15":{"start":{"line":5,"column":227},"end":{"line":5,"column":281},"skip":true},"16":{"start":{"line":5,"column":254},"end":{"line":5,"column":281},"skip":true},"17":{"start":{"line":5,"column":281},"end":{"line":5,"column":339},"skip":true},"18":{"start":{"line":5,"column":341},"end":{"line":5,"column":546},"skip":true},"19":{"start":{"line":5,"column":397},"end":{"line":5,"column":465},"skip":true},"20":{"start":{"line":5,"column":413},"end":{"line":5,"column":465},"skip":true},"21":{"start":{"line":5,"column":465},"end":{"line":5,"column":525},"skip":true},"22":{"start":{"line":5,"column":482},"end":{"line":5,"column":525},"skip":true},"23":{"start":{"line":5,"column":525},"end":{"line":5,"column":544},"skip":true},"24":{"start":{"line":6,"column":0},"end":{"line":6,"column":629},"skip":true},"25":{"start":{"line":6,"column":39},"end":{"line":6,"column":57},"skip":true},"26":{"start":{"line":6,"column":57},"end":{"line":6,"column":627},"skip":true},"27":{"start":{"line":6,"column":68},"end":{"line":6,"column":627},"skip":true},"28":{"start":{"line":6,"column":84},"end":{"line":6,"column":132},"skip":true},"29":{"start":{"line":6,"column":132},"end":{"line":6,"column":147},"skip":true},"30":{"start":{"line":6,"column":147},"end":{"line":6,"column":196},"skip":true},"31":{"start":{"line":6,"column":168},"end":{"line":6,"column":196},"skip":true},"32":{"start":{"line":6,"column":196},"end":{"line":6,"column":257},"skip":true},"33":{"start":{"line":6,"column":257},"end":{"line":6,"column":626},"skip":true},"34":{"start":{"line":6,"column":282},"end":{"line":6,"column":325},"skip":true},"35":{"start":{"line":6,"column":325},"end":{"line":6,"column":474},"skip":true},"36":{"start":{"line":6,"column":347},"end":{"line":6,"column":364},"skip":true},"37":{"start":{"line":6,"column":372},"end":{"line":6,"column":384},"skip":true},"38":{"start":{"line":6,"column":384},"end":{"line":6,"column":399},"skip":true},"39":{"start":{"line":6,"column":399},"end":{"line":6,"column":414},"skip":true},"40":{"start":{"line":6,"column":414},"end":{"line":6,"column":428},"skip":true},"41":{"start":{"line":6,"column":428},"end":{"line":6,"column":454},"skip":true},"42":{"start":{"line":6,"column":454},"end":{"line":6,"column":473},"skip":true},"43":{"start":{"line":6,"column":481},"end":{"line":6,"column":626},"skip":true},"44":{"start":{"line":6,"column":503},"end":{"line":6,"column":521},"skip":true},"45":{"start":{"line":6,"column":529},"end":{"line":6,"column":551},"skip":true},"46":{"start":{"line":6,"column":551},"end":{"line":6,"column":596},"skip":true},"47":{"start":{"line":6,"column":578},"end":{"line":6,"column":595},"skip":true},"48":{"start":{"line":6,"column":596},"end":{"line":6,"column":625},"skip":true},"49":{"start":{"line":7,"column":0},"end":{"line":7,"column":95},"skip":true},"50":{"start":{"line":7,"column":38},"end":{"line":7,"column":94},"skip":true},"51":{"start":{"line":8,"column":0},"end":{"line":8,"column":149},"skip":true},"52":{"start":{"line":8,"column":49},"end":{"line":8,"column":148},"skip":true},"53":{"start":{"line":8,"column":90},"end":{"line":8,"column":147},"skip":true},"54":{"start":{"line":9,"column":0},"end":{"line":9,"column":488},"skip":true},"55":{"start":{"line":9,"column":42},"end":{"line":9,"column":205},"skip":true},"56":{"start":{"line":9,"column":104},"end":{"line":9,"column":204},"skip":true},"57":{"start":{"line":9,"column":205},"end":{"line":9,"column":369},"skip":true},"58":{"start":{"line":9,"column":369},"end":{"line":9,"column":487},"skip":true},"59":{"start":{"line":9,"column":385},"end":{"line":9,"column":487},"skip":true},"60":{"start":{"line":9,"column":488},"end":{"line":9,"column":518}},"61":{"start":{"line":9,"column":518},"end":{"line":9,"column":563}},"62":{"start":{"line":9,"column":563},"end":{"line":9,"column":595}},"63":{"start":{"line":9,"column":595},"end":{"line":9,"column":642}},"64":{"start":{"line":9,"column":642},"end":{"line":9,"column":693}},"65":{"start":{"line":9,"column":693},"end":{"line":9,"column":756}},"66":{"start":{"line":9,"column":756},"end":{"line":48,"column":107}},"67":{"start":{"line":9,"column":814},"end":{"line":9,"column":865}},"68":{"start":{"line":11,"column":4},"end":{"line":15,"column":26}},"69":{"start":{"line":11,"column":43},"end":{"line":11,"column":88}},"70":{"start":{"line":12,"column":8},"end":{"line":12,"column":108}},"71":{"start":{"line":14,"column":8},"end":{"line":15,"column":25}},"72":{"start":{"line":21,"column":4},"end":{"line":48,"column":45}},"73":{"start":{"line":23,"column":12},"end":{"line":23,"column":95}},"74":{"start":{"line":28,"column":12},"end":{"line":35,"column":117}},"75":{"start":{"line":29,"column":16},"end":{"line":32,"column":53}},"76":{"start":{"line":35,"column":16},"end":{"line":35,"column":114}},"77":{"start":{"line":38,"column":12},"end":{"line":40,"column":25}},"78":{"start":{"line":47,"column":12},"end":{"line":48,"column":39}},"79":{"start":{"line":48,"column":45},"end":{"line":48,"column":74}},"80":{"start":{"line":53,"column":0},"end":{"line":54,"column":61}},"81":{"start":{"line":54,"column":61},"end":{"line":57,"column":22}},"82":{"start":{"line":57,"column":22},"end":{"line":57,"column":58}}},"branchMap":{"1":{"line":4,"type":"binary-expr","locations":[{"start":{"line":4,"column":15},"end":{"line":4,"column":28},"skip":true},{"start":{"line":4,"column":32},"end":{"line":4,"column":246},"skip":true}]},"2":{"line":4,"type":"if","locations":[{"start":{"line":4,"column":146},"end":{"line":4,"column":146},"skip":true},{"start":{"line":4,"column":146},"end":{"line":4,"column":146},"skip":true}]},"3":{"line":5,"type":"binary-expr","locations":[{"start":{"line":5,"column":165},"end":{"line":5,"column":186},"skip":true},{"start":{"line":5,"column":190},"end":{"line":5,"column":195},"skip":true}]},"4":{"line":5,"type":"if","locations":[{"start":{"line":5,"column":227},"end":{"line":5,"column":227},"skip":true},{"start":{"line":5,"column":227},"end":{"line":5,"column":227},"skip":true}]},"5":{"line":5,"type":"if","locations":[{"start":{"line":5,"column":397},"end":{"line":5,"column":397},"skip":true},{"start":{"line":5,"column":397},"end":{"line":5,"column":397},"skip":true}]},"6":{"line":5,"type":"if","locations":[{"start":{"line":5,"column":465},"end":{"line":5,"column":465},"skip":true},{"start":{"line":5,"column":465},"end":{"line":5,"column":465},"skip":true}]},"7":{"line":6,"type":"if","locations":[{"start":{"line":6,"column":147},"end":{"line":6,"column":147},"skip":true},{"start":{"line":6,"column":147},"end":{"line":6,"column":147},"skip":true}]},"8":{"line":6,"type":"if","locations":[{"start":{"line":6,"column":257},"end":{"line":6,"column":257},"skip":true},{"start":{"line":6,"column":257},"end":{"line":6,"column":257},"skip":true}]},"9":{"line":6,"type":"if","locations":[{"start":{"line":6,"column":325},"end":{"line":6,"column":325},"skip":true},{"start":{"line":6,"column":325},"end":{"line":6,"column":325},"skip":true}]},"10":{"line":6,"type":"if","locations":[{"start":{"line":6,"column":481},"end":{"line":6,"column":481},"skip":true},{"start":{"line":6,"column":481},"end":{"line":6,"column":481},"skip":true}]},"11":{"line":6,"type":"if","locations":[{"start":{"line":6,"column":551},"end":{"line":6,"column":551},"skip":true},{"start":{"line":6,"column":551},"end":{"line":6,"column":551},"skip":true}]},"12":{"line":7,"type":"cond-expr","locations":[{"start":{"line":7,"column":69},"end":{"line":7,"column":72},"skip":true},{"start":{"line":7,"column":75},"end":{"line":7,"column":93},"skip":true}]},"13":{"line":7,"type":"binary-expr","locations":[{"start":{"line":7,"column":45},"end":{"line":7,"column":48},"skip":true},{"start":{"line":7,"column":52},"end":{"line":7,"column":66},"skip":true}]},"14":{"line":8,"type":"if","locations":[{"start":{"line":8,"column":49},"end":{"line":8,"column":49},"skip":true},{"start":{"line":8,"column":49},"end":{"line":8,"column":49},"skip":true}]},"15":{"line":9,"type":"if","locations":[{"start":{"line":9,"column":42},"end":{"line":9,"column":42},"skip":true},{"start":{"line":9,"column":42},"end":{"line":9,"column":42},"skip":true}]},"16":{"line":9,"type":"binary-expr","locations":[{"start":{"line":9,"column":46},"end":{"line":9,"column":78},"skip":true},{"start":{"line":9,"column":82},"end":{"line":9,"column":101},"skip":true}]},"17":{"line":9,"type":"binary-expr","locations":[{"start":{"line":9,"column":240},"end":{"line":9,"column":250},"skip":true},{"start":{"line":9,"column":254},"end":{"line":9,"column":274},"skip":true}]},"18":{"line":9,"type":"if","locations":[{"start":{"line":9,"column":369},"end":{"line":9,"column":369},"skip":true},{"start":{"line":9,"column":369},"end":{"line":9,"column":369},"skip":true}]},"19":{"line":9,"type":"cond-expr","locations":[{"start":{"line":9,"column":409},"end":{"line":9,"column":452},"skip":true},{"start":{"line":9,"column":455},"end":{"line":9,"column":486},"skip":true}]}},"l":{"3":1,"4":1,"5":3,"6":3,"7":3,"8":3,"9":1,"11":3,"12":3,"14":3,"21":1,"23":3,"28":4,"29":3,"35":3,"38":4,"47":1,"48":1,"53":1,"54":1,"57":1}}}
