TN:
SF:/Users/yhtut/Js/workshop/src/event-manager-component.js
FN:4,(anonymous_1)
FN:5,(anonymous_2)
FN:5,defineProperties
FN:5,(anonymous_4)
FN:6,get
FN:7,_interopRequireDefault
FN:8,_classCallCheck
FN:9,_inherits
FN:9,(anonymous_9)
FN:11,EventManagerComponent
FN:22,componentDidMount
FN:27,render
FN:28,(anonymous_13)
FN:46,handleNewEventData
FNF:14
FNH:14
FNDA:0,(anonymous_1)
FNDA:1,(anonymous_2)
FNDA:1,defineProperties
FNDA:1,(anonymous_4)
FNDA:3,get
FNDA:3,_interopRequireDefault
FNDA:3,_classCallCheck
FNDA:1,_inherits
FNDA:1,(anonymous_9)
FNDA:3,EventManagerComponent
FNDA:3,componentDidMount
FNDA:4,render
FNDA:3,(anonymous_13)
FNDA:1,handleNewEventData
DA:3,1
DA:4,1
DA:5,3
DA:6,3
DA:7,3
DA:8,3
DA:9,1
DA:11,3
DA:12,3
DA:14,3
DA:21,1
DA:23,3
DA:28,4
DA:29,3
DA:35,3
DA:38,4
DA:47,1
DA:48,1
DA:53,1
DA:54,1
DA:57,1
LF:21
LH:21
BRDA:4,1,0,1
BRDA:4,1,1,0
BRDA:4,2,0,0
BRDA:4,2,1,0
BRDA:5,3,0,3
BRDA:5,3,1,3
BRDA:5,4,0,3
BRDA:5,4,1,0
BRDA:5,5,0,1
BRDA:5,5,1,0
BRDA:5,6,0,0
BRDA:5,6,1,1
BRDA:6,7,0,0
BRDA:6,7,1,3
BRDA:6,8,0,0
BRDA:6,8,1,3
BRDA:6,9,0,0
BRDA:6,9,1,0
BRDA:6,10,0,3
BRDA:6,10,1,0
BRDA:6,11,0,0
BRDA:6,11,1,0
BRDA:7,12,0,0
BRDA:7,12,1,3
BRDA:7,13,0,3
BRDA:7,13,1,3
BRDA:8,14,0,0
BRDA:8,14,1,3
BRDA:9,15,0,0
BRDA:9,15,1,1
BRDA:9,16,0,1
BRDA:9,16,1,0
BRDA:9,17,0,1
BRDA:9,17,1,1
BRDA:9,18,0,1
BRDA:9,18,1,0
BRDA:9,19,0,1
BRDA:9,19,1,0
BRF:38
BRH:38
end_of_record
